2025-10-09 23:38:09,407 INFO: Logging to C:\Users\chava\Downloads\shreeyesh\ss_run.log
2025-10-09 23:38:09,407 INFO: Starting analysis
2025-10-09 23:38:09,486 INFO: Dataset shape: (1567, 592)
2025-10-09 23:38:09,494 INFO: Features shape: (1567, 590)
2025-10-09 23:38:09,495 INFO: Target shape: (1567,)
2025-10-09 23:38:09,497 INFO: Target distribution:
Pass/Fail
-1    1463
 1     104
2025-10-09 23:38:09,497 INFO: Percentages:
Pass/Fail
-1    93.363114
 1     6.636886
2025-10-09 23:38:10,340 INFO: Saved C:\Users\chava\Downloads\shreeyesh\class_distribution.png
2025-10-09 23:38:10,357 INFO: Failure rate: 6.64%
2025-10-09 23:38:10,364 INFO: Features with most missing values:
     missing_count  missing_percentage
292           1429           91.193363
293           1429           91.193363
158           1429           91.193363
157           1429           91.193363
492           1341           85.577537
85            1341           85.577537
358           1341           85.577537
220           1341           85.577537
244           1018           64.964901
517           1018           64.964901
109           1018           64.964901
246           1018           64.964901
383           1018           64.964901
382           1018           64.964901
384           1018           64.964901
245           1018           64.964901
111           1018           64.964901
110           1018           64.964901
516           1018           64.964901
518           1018           64.964901
2025-10-09 23:38:10,364 INFO: Features with >50% missing: 28
2025-10-09 23:38:10,365 INFO: Top missing shape: (30, 2)
2025-10-09 23:38:10,605 INFO: Saved C:\Users\chava\Downloads\shreeyesh\missing_values.png
2025-10-09 23:38:10,622 INFO: Basic statistics (first 10 features):
                 0            1            2            3            4       5            6            7            8            9
count  1561.000000  1560.000000  1553.000000  1553.000000  1553.000000  1553.0  1553.000000  1558.000000  1565.000000  1565.000000
mean   3014.452896  2495.850231  2200.547318  1396.376627     4.197013   100.0   101.112908     0.121822     1.462862    -0.000841
std      73.621787    80.407705    29.513152   441.691640    56.355540     0.0     6.237214     0.008961     0.073897     0.015116
min    2743.240000  2158.750000  2060.660000     0.000000     0.681500   100.0    82.131100     0.000000     1.191000    -0.053400
25%    2966.260000  2452.247500  2181.044400  1081.875800     1.017700   100.0    97.920000     0.121100     1.411200    -0.010800
50%    3011.490000  2499.405000  2201.066700  1285.214400     1.316800   100.0   101.512200     0.122400     1.461600    -0.001300
75%    3056.650000  2538.822500  2218.055500  1591.223500     1.525700   100.0   104.586700     0.123800     1.516900     0.008400
max    3356.350000  2846.440000  2315.266700  3715.041700  1114.536600   100.0   129.252200     0.128600     1.656400     0.074900
2025-10-09 23:38:10,624 INFO: Saved basic stats to: C:\Users\chava\Downloads\shreeyesh\basic_stats_first10.txt
2025-10-09 23:38:10,624 INFO: Analysis complete
